<?xml version="1.0" encoding="UTF-8"?>
<!-- Generated by org.testng.reporters.JUnitXMLReporter -->
<testsuite hostname="LAPTOP-BKSODKPH" ignored="4" name="Test" tests="3" failures="0" timestamp="02 Jul 2020 07:42:51 GMT" time="0.183" errors="0">
  <testcase name="Subtraction" time="0.011" classname="com.org.TestCase.TestCase1"/>
  <testcase name="multiplication" time="0.011" classname="com.org.TestCase.TestCase2"/>
  <testcase name="negate" time="0.001" classname="com.org.TestCase.TestCase2"/>
  <testcase name="exp" time="0.0" classname="com.org.TestCase.TestCase1">
    <ignored/>
  </testcase> <!-- exp -->
  <testcase name="Addition" time="0.0" classname="com.org.TestCase.TestCase1">
    <ignored/>
  </testcase> <!-- Addition -->
  <testcase name="divreal" time="0.0" classname="com.org.TestCase.TestCase1">
    <ignored/>
  </testcase> <!-- divreal -->
  <testcase name="multiplication" time="0.0" classname="com.org.TestCase.TestCase1">
    <ignored/>
  </testcase> <!-- multiplication -->
</testsuite> <!-- Test -->
