<?xml version="1.0" encoding="UTF-8"?>
<!-- Generated by org.testng.reporters.JUnitXMLReporter -->
<testsuite hostname="LAPTOP-BKSODKPH" ignored="4" name="Test" tests="3" failures="0" timestamp="02 Jul 2020 07:33:49 GMT" time="0.035" errors="0">
  <testcase name="Subtraction" time="0.009" classname="com.org.TestCase.TestCase"/>
  <testcase name="multiplication" time="0.001" classname="com.org.TestCase.TestCase"/>
  <testcase name="negate" time="0.001" classname="com.org.TestCase.TestCase"/>
  <testcase name="Addition" time="0.0" classname="com.org.TestCase.TestCase">
    <ignored/>
  </testcase> <!-- Addition -->
  <testcase name="multiplication" time="0.0" classname="com.org.TestCase.TestCase">
    <ignored/>
  </testcase> <!-- multiplication -->
  <testcase name="exp" time="0.0" classname="com.org.TestCase.TestCase">
    <ignored/>
  </testcase> <!-- exp -->
  <testcase name="divreal" time="0.0" classname="com.org.TestCase.TestCase">
    <ignored/>
  </testcase> <!-- divreal -->
</testsuite> <!-- Test -->
